<?xml version="1.0" encoding="UTF-8"?>
<!-- Generated by org.testng.reporters.JUnitReportReporter -->
<testsuite hostname="LAPTOP-IOHUO89J" failures="0" tests="1" name="praticeTest.NewTest" time="0.006" errors="0" timestamp="2023-08-12T13:09:34 IST" skipped="0">
  <testcase classname="praticeTest.NewTest" name="f" time="0.006"/>
</testsuite> <!-- praticeTest.NewTest -->
